<?xml version="1.0" encoding="UTF-8"?>
<testsuite xmlns:xsi="http://www.w3.org/2001/XMLSchema-instance" xsi:noNamespaceSchemaLocation="https://maven.apache.org/surefire/maven-surefire-plugin/xsd/surefire-test-report-3.0.xsd" version="3.0" name="com.example.autofix.repositories.CarRepositoryTest" time="3.153" tests="6" errors="0" skipped="0" failures="0">
  <properties>
[...]
</properties>
  <testcase name="updateCarTest" classname="com.example.autofix.repositories.CarRepositoryTest" time="0.28">
    <system-out><![CDATA[2024-05-02T11:23:26.518-04:00  INFO 20732 --- [AutoFix] [           main] t.c.s.AnnotationConfigContextLoaderUtils : Could not detect default configuration classes for test class [com.example.autofix.repositories.CarRepositoryTest]: CarRepositoryTest does not declare any static, non-private, non-final, nested classes annotated with @Configuration.
2024-05-02T11:23:26.604-04:00  INFO 20732 --- [AutoFix] [           main] .b.t.c.SpringBootTestContextBootstrapper : Found @SpringBootConfiguration com.example.autofix.AutoFixApplication for test class com.example.autofix.repositories.CarRepositoryTest

  .   ____          _            __ _ _
 /\\ / ___'_ __ _ _(_)_ __  __ _ \ \ \ \
( ( )\___ | '_ | '_| | '_ \/ _` | \ \ \ \
 \\/  ___)| |_)| | | | | || (_| |  ) ) ) )
  '  |____| .__|_| |_|_| |_\__, | / / / /
 =========|_|==============|___/=/_/_/_/
 :: Spring Boot ::                (v3.2.4)

2024-05-02T11:23:26.683-04:00  INFO 20732 --- [AutoFix] [           main] c.e.a.repositories.CarRepositoryTest     : Starting CarRepositoryTest using Java 17.0.10 with PID 20732 (started by fliza in D:\code\autofix-tingeso\api)
2024-05-02T11:23:26.683-04:00  INFO 20732 --- [AutoFix] [           main] c.e.a.repositories.CarRepositoryTest     : The following 1 profile is active: "test"
2024-05-02T11:23:27.428-04:00  INFO 20732 --- [AutoFix] [           main] .s.d.r.c.RepositoryConfigurationDelegate : Bootstrapping Spring Data JPA repositories in DEFAULT mode.
2024-05-02T11:23:27.464-04:00  INFO 20732 --- [AutoFix] [           main] .s.d.r.c.RepositoryConfigurationDelegate : Finished Spring Data repository scanning in 35 ms. Found 6 JPA repository interfaces.
2024-05-02T11:23:27.498-04:00  INFO 20732 --- [AutoFix] [           main] beddedDataSourceBeanFactoryPostProcessor : Replacing 'dataSource' DataSource bean with embedded version
2024-05-02T11:23:27.558-04:00  INFO 20732 --- [AutoFix] [           main] o.s.j.d.e.EmbeddedDatabaseFactory        : Starting embedded database: url='jdbc:h2:mem:2b096e81-21b8-4f03-af38-89406f22b95e;DB_CLOSE_DELAY=-1;DB_CLOSE_ON_EXIT=false', username='sa'
2024-05-02T11:23:27.607-04:00  INFO 20732 --- [AutoFix] [           main] o.hibernate.jpa.internal.util.LogHelper  : HHH000204: Processing PersistenceUnitInfo [name: default]
2024-05-02T11:23:27.618-04:00  INFO 20732 --- [AutoFix] [           main] o.h.c.internal.RegionFactoryInitiator    : HHH000026: Second-level cache disabled
2024-05-02T11:23:27.636-04:00  INFO 20732 --- [AutoFix] [           main] o.s.o.j.p.SpringPersistenceUnitInfo      : No LoadTimeWeaver setup: ignoring JPA class transformer
2024-05-02T11:23:27.641-04:00  WARN 20732 --- [AutoFix] [           main] org.hibernate.orm.deprecation            : HHH90000025: H2Dialect does not need to be specified explicitly using 'hibernate.dialect' (remove the property setting and it will be selected by default)
2024-05-02T11:23:27.967-04:00  INFO 20732 --- [AutoFix] [           main] o.h.e.t.j.p.i.JtaPlatformInitiator       : HHH000489: No JTA platform available (set 'hibernate.transaction.jta.platform' to enable JTA platform integration)
Hibernate: create table car (id bigint generated by default as identity, brand varchar(255), fab_year integer not null, km integer not null, license_plate varchar(255), model varchar(255), motor_type varchar(255), name_owner varchar(255), num_seats integer not null, rut varchar(255), type varchar(255), primary key (id))
Hibernate: create table chargue_by_type (id bigint generated by default as identity, antiq_end integer not null, antiq_start integer not null, hatch_percent float(53) not null, km_end integer not null, km_start integer not null, pickup_percent float(53) not null, sedan_percent float(53) not null, surcharge_type varchar(255), suv_percent float(53) not null, van_percent float(53) not null, primary key (id))
Hibernate: create table quantity_discount (id bigint generated by default as identity, diesel_percent float(53) not null, electric_percent float(53) not null, gas_percent float(53) not null, hybrid_percent float(53) not null, num_repairs_end integer not null, num_repairs_start integer not null, primary key (id))
Hibernate: create table repair (id bigint generated by default as identity, description varchar(255), name varchar(255), primary key (id))
Hibernate: create table repair_history (id bigint generated by default as identity, admission_date_time timestamp(6), car_id bigint, cost bigint, delivery_date_time timestamp(6), discount bigint, end_date_time timestamp(6), rechargues bigint, repair_type_id bigint, total_amount bigint, primary key (id))
Hibernate: create table repair_price (id bigint generated by default as identity, diesel_price integer not null, electric_price integer not null, gasoline_price integer not null, hybrid_price integer not null, repair_type_id bigint, primary key (id))
2024-05-02T11:23:27.987-04:00  INFO 20732 --- [AutoFix] [           main] j.LocalContainerEntityManagerFactoryBean : Initialized JPA EntityManagerFactory for persistence unit 'default'
2024-05-02T11:23:28.810-04:00  INFO 20732 --- [AutoFix] [           main] c.e.a.repositories.CarRepositoryTest     : Started CarRepositoryTest in 2.202 seconds (process running for 23.374)
Hibernate: insert into car (brand,fab_year,km,license_plate,model,motor_type,name_owner,num_seats,rut,type,id) values (?,?,?,?,?,?,?,?,?,?,default)
]]></system-out>
  </testcase>
  <testcase name="deleteCarTest" classname="com.example.autofix.repositories.CarRepositoryTest" time="0.084">
    <system-out><![CDATA[Hibernate: insert into car (brand,fab_year,km,license_plate,model,motor_type,name_owner,num_seats,rut,type,id) values (?,?,?,?,?,?,?,?,?,?,default)
]]></system-out>
  </testcase>
  <testcase name="findByLicensePlateTest" classname="com.example.autofix.repositories.CarRepositoryTest" time="0.396">
    <system-out><![CDATA[Hibernate: insert into car (brand,fab_year,km,license_plate,model,motor_type,name_owner,num_seats,rut,type,id) values (?,?,?,?,?,?,?,?,?,?,default)
Hibernate: select ce1_0.id,ce1_0.brand,ce1_0.fab_year,ce1_0.km,ce1_0.license_plate,ce1_0.model,ce1_0.motor_type,ce1_0.name_owner,ce1_0.num_seats,ce1_0.rut,ce1_0.type from car ce1_0 where ce1_0.license_plate=?
]]></system-out>
  </testcase>
  <testcase name="saveCarTest" classname="com.example.autofix.repositories.CarRepositoryTest" time="0.009">
    <system-out><![CDATA[Hibernate: insert into car (brand,fab_year,km,license_plate,model,motor_type,name_owner,num_seats,rut,type,id) values (?,?,?,?,?,?,?,?,?,?,default)
]]></system-out>
  </testcase>
  <testcase name="getCarByIdTest" classname="com.example.autofix.repositories.CarRepositoryTest" time="0.015">
    <system-out><![CDATA[Hibernate: insert into car (brand,fab_year,km,license_plate,model,motor_type,name_owner,num_seats,rut,type,id) values (?,?,?,?,?,?,?,?,?,?,default)
]]></system-out>
  </testcase>
  <testcase name="findAllCarsTest" classname="com.example.autofix.repositories.CarRepositoryTest" time="0.045">
    <system-out><![CDATA[Hibernate: insert into car (brand,fab_year,km,license_plate,model,motor_type,name_owner,num_seats,rut,type,id) values (?,?,?,?,?,?,?,?,?,?,default)
Hibernate: insert into car (brand,fab_year,km,license_plate,model,motor_type,name_owner,num_seats,rut,type,id) values (?,?,?,?,?,?,?,?,?,?,default)
Hibernate: select ce1_0.id,ce1_0.brand,ce1_0.fab_year,ce1_0.km,ce1_0.license_plate,ce1_0.model,ce1_0.motor_type,ce1_0.name_owner,ce1_0.num_seats,ce1_0.rut,ce1_0.type from car ce1_0
]]></system-out>
  </testcase>
</testsuite>